#
# There is insufficient memory for the Java Runtime Environment to continue.
# Native memory allocation (malloc) failed to allocate 596176 bytes for Chunk::new
# Possible reasons:
#   The system is out of physical RAM or swap space
#   In 32 bit mode, the process size limit was hit
# Possible solutions:
#   Reduce memory load on the system
#   Increase physical memory or swap space
#   Check if swap backing store is full
#   Use 64 bit Java on a 64 bit OS
#   Decrease Java heap size (-Xmx/-Xms)
#   Decrease number of Java threads
#   Decrease Java thread stack sizes (-Xss)
#   Set larger code cache with -XX:ReservedCodeCacheSize=
# This output file may be truncated or incomplete.
#
#  Out of Memory Error (allocation.cpp:328), pid=12212, tid=11904
#
# JRE version: 7.0_13-b20
# Java VM: Java HotSpot(TM) 64-Bit Server VM (23.7-b01 mixed mode windows-amd64 compressed oops)
# Failed to write core dump. Minidumps are not enabled by default on client versions of Windows
#

---------------  T H R E A D  ---------------

Current thread (0x0000000008ef0000):  JavaThread "C2 CompilerThread0" daemon [_thread_in_native, id=11904, stack(0x000000000a4b0000,0x000000000a5b0000)]

Stack: [0x000000000a4b0000,0x000000000a5b0000]

Current CompileTask:
C2:   6257  266   !         org.codehaus.plexus.interpolation.StringSearchInterpolator::interpolate (665 bytes)


---------------  P R O C E S S  ---------------

Java Threads: ( => current thread )
  0x0000000008f02000 JavaThread "Service Thread" daemon [_thread_blocked, id=2808, stack(0x000000000a6b0000,0x000000000a7b0000)]
  0x0000000008efa000 JavaThread "C2 CompilerThread1" daemon [_thread_blocked, id=5296, stack(0x000000000a5b0000,0x000000000a6b0000)]
=>0x0000000008ef0000 JavaThread "C2 CompilerThread0" daemon [_thread_in_native, id=11904, stack(0x000000000a4b0000,0x000000000a5b0000)]
  0x0000000008eef000 JavaThread "Attach Listener" daemon [_thread_blocked, id=14276, stack(0x000000000a3b0000,0x000000000a4b0000)]
  0x0000000008eec000 JavaThread "Signal Dispatcher" daemon [_thread_blocked, id=9076, stack(0x000000000a2b0000,0x000000000a3b0000)]
  0x0000000008e87000 JavaThread "Finalizer" daemon [_thread_blocked, id=13332, stack(0x000000000a1b0000,0x000000000a2b0000)]
  0x0000000008e7e000 JavaThread "Reference Handler" daemon [_thread_blocked, id=11808, stack(0x000000000a0b0000,0x000000000a1b0000)]
  0x0000000002a70800 JavaThread "main" [_thread_in_native, id=11872, stack(0x00000000028d0000,0x00000000029d0000)]

Other Threads:
  0x0000000008e77800 VMThread [stack: 0x0000000009fb0000,0x000000000a0b0000] [id=11496]
  0x0000000008f0f000 WatcherThread [stack: 0x000000000a7b0000,0x000000000a8b0000] [id=8732]

VM state:not at safepoint (normal execution)

VM Mutex/Monitor currently owned by a thread: None

Heap
 PSYoungGen      total 66368K, used 16629K [0x00000000eb4b0000, 0x00000000ef810000, 0x0000000100000000)
  eden space 63744K, 21% used [0x00000000eb4b0000,0x00000000ec25d458,0x00000000ef2f0000)
  from space 2624K, 100% used [0x00000000ef580000,0x00000000ef810000,0x00000000ef810000)
  to   space 2624K, 0% used [0x00000000ef2f0000,0x00000000ef2f0000,0x00000000ef580000)
 ParOldGen       total 42432K, used 6826K [0x00000000c1e00000, 0x00000000c4770000, 0x00000000eb4b0000)
  object space 42432K, 16% used [0x00000000c1e00000,0x00000000c24aa820,0x00000000c4770000)
 PSPermGen       total 21248K, used 12656K [0x00000000bcc00000, 0x00000000be0c0000, 0x00000000c1e00000)
  object space 21248K, 59% used [0x00000000bcc00000,0x00000000bd85c0f0,0x00000000be0c0000)

Card table byte_map: [0x0000000005c30000,0x0000000005e50000] byte_map_base: 0x000000000564a000

Polling page: 0x0000000001120000

Code Cache  [0x0000000002b70000, 0x0000000002de0000, 0x0000000005b70000)
 total_blobs=536 nmethods=265 adapters=222 free_code_cache=48023Kb largest_free_block=49133760

Compilation events (10 events):
Event: 6.136 Thread 0x0000000008efa000  273             java.util.regex.Pattern$7::isSatisfiedBy (28 bytes)
Event: 6.139 Thread 0x0000000008efa000 nmethod 273 0x0000000002c14050 code [0x0000000002c141a0, 0x0000000002c14338]
Event: 6.139 Thread 0x0000000008efa000  274             java.util.regex.Pattern$CharProperty$1::isSatisfiedBy (17 bytes)
Event: 6.140 Thread 0x0000000008efa000 nmethod 274 0x0000000002c13d10 code [0x0000000002c13e60, 0x0000000002c13f38]
Event: 6.145 Thread 0x0000000008efa000  275             java.lang.Character::toLowerCase (9 bytes)
Event: 6.147 Thread 0x0000000008efa000 nmethod 275 0x0000000002c13890 code [0x0000000002c139e0, 0x0000000002c13b58]
Event: 6.159 Thread 0x0000000008efa000  276             java.util.ArrayList::remove (77 bytes)
Event: 6.163 Thread 0x0000000008efa000 nmethod 276 0x0000000002c0be10 code [0x0000000002c0bf60, 0x0000000002c0c1b8]
Event: 6.163 Thread 0x0000000008efa000  277             java.util.ArrayList::fastRemove (57 bytes)
Event: 6.166 Thread 0x0000000008efa000 nmethod 277 0x0000000002c0ba50 code [0x0000000002c0bba0, 0x0000000002c0bcd8]

GC Heap History (8 events):
Event: 1.542 GC heap before
{Heap before GC invocations=1 (full 0):
 PSYoungGen      total 18560K, used 15936K [0x00000000eb4b0000, 0x00000000ec960000, 0x0000000100000000)
  eden space 15936K, 100% used [0x00000000eb4b0000,0x00000000ec440000,0x00000000ec440000)
  from space 2624K, 0% used [0x00000000ec6d0000,0x00000000ec6d0000,0x00000000ec960000)
  to   space 2624K, 0% used [0x00000000ec440000,0x00000000ec440000,0x00000000ec6d0000)
 ParOldGen       total 42432K, used 0K [0x00000000c1e00000, 0x00000000c4770000, 0x00000000eb4b0000)
  object space 42432K, 0% used [0x00000000c1e00000,0x00000000c1e00000,0x00000000c4770000)
 PSPermGen       total 21248K, used 6788K [0x00000000bcc00000, 0x00000000be0c0000, 0x00000000c1e00000)
  object space 21248K, 31% used [0x00000000bcc00000,0x00000000bd2a1098,0x00000000be0c0000)
Event: 1.573 GC heap after
Heap after GC invocations=1 (full 0):
 PSYoungGen      total 18560K, used 2611K [0x00000000eb4b0000, 0x00000000ed8f0000, 0x0000000100000000)
  eden space 15936K, 0% used [0x00000000eb4b0000,0x00000000eb4b0000,0x00000000ec440000)
  from space 2624K, 99% used [0x00000000ec440000,0x00000000ec6ccd28,0x00000000ec6d0000)
  to   space 2624K, 0% used [0x00000000ed660000,0x00000000ed660000,0x00000000ed8f0000)
 ParOldGen       total 42432K, used 643K [0x00000000c1e00000, 0x00000000c4770000, 0x00000000eb4b0000)
  object space 42432K, 1% used [0x00000000c1e00000,0x00000000c1ea0f00,0x00000000c4770000)
 PSPermGen       total 21248K, used 6788K [0x00000000bcc00000, 0x00000000be0c0000, 0x00000000c1e00000)
  object space 21248K, 31% used [0x00000000bcc00000,0x00000000bd2a1098,0x00000000be0c0000)
}
Event: 2.103 GC heap before
{Heap before GC invocations=2 (full 0):
 PSYoungGen      total 18560K, used 18547K [0x00000000eb4b0000, 0x00000000ed8f0000, 0x0000000100000000)
  eden space 15936K, 100% used [0x00000000eb4b0000,0x00000000ec440000,0x00000000ec440000)
  from space 2624K, 99% used [0x00000000ec440000,0x00000000ec6ccd28,0x00000000ec6d0000)
  to   space 2624K, 0% used [0x00000000ed660000,0x00000000ed660000,0x00000000ed8f0000)
 ParOldGen       total 42432K, used 643K [0x00000000c1e00000, 0x00000000c4770000, 0x00000000eb4b0000)
  object space 42432K, 1% used [0x00000000c1e00000,0x00000000c1ea0f00,0x00000000c4770000)
 PSPermGen       total 21248K, used 7639K [0x00000000bcc00000, 0x00000000be0c0000, 0x00000000c1e00000)
  object space 21248K, 35% used [0x00000000bcc00000,0x00000000bd375f60,0x00000000be0c0000)
Event: 2.118 GC heap after
Heap after GC invocations=2 (full 0):
 PSYoungGen      total 34496K, used 2512K [0x00000000eb4b0000, 0x00000000ed8f0000, 0x0000000100000000)
  eden space 31872K, 0% used [0x00000000eb4b0000,0x00000000eb4b0000,0x00000000ed3d0000)
  from space 2624K, 95% used [0x00000000ed660000,0x00000000ed8d4260,0x00000000ed8f0000)
  to   space 2624K, 0% used [0x00000000ed3d0000,0x00000000ed3d0000,0x00000000ed660000)
 ParOldGen       total 42432K, used 651K [0x00000000c1e00000, 0x00000000c4770000, 0x00000000eb4b0000)
  object space 42432K, 1% used [0x00000000c1e00000,0x00000000c1ea2f00,0x00000000c4770000)
 PSPermGen       total 21248K, used 7639K [0x00000000bcc00000, 0x00000000be0c0000, 0x00000000c1e00000)
  object space 21248K, 35% used [0x00000000bcc00000,0x00000000bd375f60,0x00000000be0c0000)
}
Event: 3.770 GC heap before
{Heap before GC invocations=3 (full 0):
 PSYoungGen      total 34496K, used 34384K [0x00000000eb4b0000, 0x00000000ed8f0000, 0x0000000100000000)
  eden space 31872K, 100% used [0x00000000eb4b0000,0x00000000ed3d0000,0x00000000ed3d0000)
  from space 2624K, 95% used [0x00000000ed660000,0x00000000ed8d4260,0x00000000ed8f0000)
  to   space 2624K, 0% used [0x00000000ed3d0000,0x00000000ed3d0000,0x00000000ed660000)
 ParOldGen       total 42432K, used 651K [0x00000000c1e00000, 0x00000000c4770000, 0x00000000eb4b0000)
  object space 42432K, 1% used [0x00000000c1e00000,0x00000000c1ea2f00,0x00000000c4770000)
 PSPermGen       total 21248K, used 12345K [0x00000000bcc00000, 0x00000000be0c0000, 0x00000000c1e00000)
  object space 21248K, 58% used [0x00000000bcc00000,0x00000000bd80e5e0,0x00000000be0c0000)
Event: 3.785 GC heap after
Heap after GC invocations=3 (full 0):
 PSYoungGen      total 34496K, used 2592K [0x00000000eb4b0000, 0x00000000ef810000, 0x0000000100000000)
  eden space 31872K, 0% used [0x00000000eb4b0000,0x00000000eb4b0000,0x00000000ed3d0000)
  from space 2624K, 98% used [0x00000000ed3d0000,0x00000000ed658020,0x00000000ed660000)
  to   space 2624K, 0% used [0x00000000ef580000,0x00000000ef580000,0x00000000ef810000)
 ParOldGen       total 42432K, used 4917K [0x00000000c1e00000, 0x00000000c4770000, 0x00000000eb4b0000)
  object space 42432K, 11% used [0x00000000c1e00000,0x00000000c22cd458,0x00000000c4770000)
 PSPermGen       total 21248K, used 12345K [0x00000000bcc00000, 0x00000000be0c0000, 0x00000000c1e00000)
  object space 21248K, 58% used [0x00000000bcc00000,0x00000000bd80e5e0,0x00000000be0c0000)
}
Event: 5.669 GC heap before
{Heap before GC invocations=4 (full 0):
 PSYoungGen      total 34496K, used 34464K [0x00000000eb4b0000, 0x00000000ef810000, 0x0000000100000000)
  eden space 31872K, 100% used [0x00000000eb4b0000,0x00000000ed3d0000,0x00000000ed3d0000)
  from space 2624K, 98% used [0x00000000ed3d0000,0x00000000ed658020,0x00000000ed660000)
  to   space 2624K, 0% used [0x00000000ef580000,0x00000000ef580000,0x00000000ef810000)
 ParOldGen       total 42432K, used 4917K [0x00000000c1e00000, 0x00000000c4770000, 0x00000000eb4b0000)
  object space 42432K, 11% used [0x00000000c1e00000,0x00000000c22cd458,0x00000000c4770000)
 PSPermGen       total 21248K, used 12633K [0x00000000bcc00000, 0x00000000be0c0000, 0x00000000c1e00000)
  object space 21248K, 59% used [0x00000000bcc00000,0x00000000bd8566c0,0x00000000be0c0000)
Event: 5.696 GC heap after
Heap after GC invocations=4 (full 0):
 PSYoungGen      total 66368K, used 2624K [0x00000000eb4b0000, 0x00000000ef810000, 0x0000000100000000)
  eden space 63744K, 0% used [0x00000000eb4b0000,0x00000000eb4b0000,0x00000000ef2f0000)
  from space 2624K, 100% used [0x00000000ef580000,0x00000000ef810000,0x00000000ef810000)
  to   space 2624K, 0% used [0x00000000ef2f0000,0x00000000ef2f0000,0x00000000ef580000)
 ParOldGen       total 42432K, used 6826K [0x00000000c1e00000, 0x00000000c4770000, 0x00000000eb4b0000)
  object space 42432K, 16% used [0x00000000c1e00000,0x00000000c24aa820,0x00000000c4770000)
 PSPermGen       total 21248K, used 12633K [0x00000000bcc00000, 0x00000000be0c0000, 0x00000000c1e00000)
  object space 21248K, 59% used [0x00000000bcc00000,0x00000000bd8566c0,0x00000000be0c0000)
}

Deoptimization events (10 events):
Event: 4.479 Thread 0x0000000002a70800 Uncommon trap -12 fr.pc 0x0000000002c39594
Event: 4.705 Thread 0x0000000002a70800 Uncommon trap -12 fr.pc 0x0000000002c67218
Event: 4.807 Thread 0x0000000002a70800 Uncommon trap -34 fr.pc 0x0000000002c24a58
Event: 4.893 Thread 0x0000000002a70800 Uncommon trap -34 fr.pc 0x0000000002c24a58
Event: 4.894 Thread 0x0000000002a70800 Uncommon trap -34 fr.pc 0x0000000002c24a58
Event: 4.922 Thread 0x0000000002a70800 Uncommon trap -83 fr.pc 0x0000000002c10f70
Event: 5.016 Thread 0x0000000002a70800 Uncommon trap -58 fr.pc 0x0000000002c6dd60
Event: 5.016 Thread 0x0000000002a70800 Uncommon trap -58 fr.pc 0x0000000002c6dd60
Event: 5.018 Thread 0x0000000002a70800 Uncommon trap -58 fr.pc 0x0000000002c6dd60
Event: 5.019 Thread 0x0000000002a70800 Uncommon trap -58 fr.pc 0x0000000002c6dd60

Internal exceptions (10 events):
Event: 4.951 Thread 0x0000000002a70800 Threw 0x00000000ec3bab60 at C:\jdk7u2_64p\jdk7u13\hotspot\src\share\vm\prims\jvm.cpp:1166
Event: 4.951 Thread 0x0000000002a70800 Threw 0x00000000ec3bb2c0 at C:\jdk7u2_64p\jdk7u13\hotspot\src\share\vm\prims\jvm.cpp:1166
Event: 4.952 Thread 0x0000000002a70800 Threw 0x00000000ec3bf878 at C:\jdk7u2_64p\jdk7u13\hotspot\src\share\vm\prims\jvm.cpp:1166
Event: 4.952 Thread 0x0000000002a70800 Threw 0x00000000ec3bff68 at C:\jdk7u2_64p\jdk7u13\hotspot\src\share\vm\prims\jvm.cpp:1166
Event: 4.952 Thread 0x0000000002a70800 Threw 0x00000000ec3c3a70 at C:\jdk7u2_64p\jdk7u13\hotspot\src\share\vm\prims\jvm.cpp:1166
Event: 4.952 Thread 0x0000000002a70800 Threw 0x00000000ec3c4160 at C:\jdk7u2_64p\jdk7u13\hotspot\src\share\vm\prims\jvm.cpp:1166
Event: 4.953 Thread 0x0000000002a70800 Threw 0x00000000ec3c8728 at C:\jdk7u2_64p\jdk7u13\hotspot\src\share\vm\prims\jvm.cpp:1166
Event: 4.953 Thread 0x0000000002a70800 Threw 0x00000000ec3c8e58 at C:\jdk7u2_64p\jdk7u13\hotspot\src\share\vm\prims\jvm.cpp:1166
Event: 5.497 Thread 0x0000000002a70800 Threw 0x00000000eceeda30 at C:\jdk7u2_64p\jdk7u13\hotspot\src\share\vm\prims\jvm.cpp:1166
Event: 5.497 Thread 0x0000000002a70800 Threw 0x00000000eceee140 at C:\jdk7u2_64p\jdk7u13\hotspot\src\share\vm\prims\jvm.cpp:1166

Events (10 events):
Event: 5.696 Executing VM operation: ParallelGCFailedAllocation done
Event: 5.741 Thread 0x0000000008ef0000 flushing nmethod 0x0000000002bdd190
Event: 5.746 Thread 0x0000000008ef0000 flushing nmethod 0x0000000002bf4810
Event: 5.754 Thread 0x0000000008efa000 flushing nmethod 0x0000000002bfa010
Event: 5.754 Thread 0x0000000008efa000 flushing nmethod 0x0000000002bff9d0
Event: 5.814 Thread 0x0000000008ef0000 flushing nmethod 0x0000000002c09050
Event: 5.814 Thread 0x0000000008ef0000 flushing nmethod 0x0000000002c0aad0
Event: 5.814 Thread 0x0000000008ef0000 flushing nmethod 0x0000000002c0cd10
Event: 5.972 Thread 0x0000000008efa000 flushing nmethod 0x0000000002c12850
Event: 5.972 Thread 0x0000000008efa000 flushing nmethod 0x0000000002c135d0


Dynamic libraries:
0x00007ff6f9450000 - 0x00007ff6f9483000 	C:\Program Files\Java\jdk1.7.0_13\bin\java.exe
0x00007ffce5140000 - 0x00007ffce52e6000 	C:\WINDOWS\SYSTEM32\ntdll.dll
0x00007ffce4ba0000 - 0x00007ffce4cda000 	C:\WINDOWS\system32\KERNEL32.DLL
0x00007ffce2620000 - 0x00007ffce272f000 	C:\WINDOWS\system32\KERNELBASE.dll
0x00007ffce10c0000 - 0x00007ffce1148000 	C:\WINDOWS\system32\apphelp.dll
0x00007ffcd5c10000 - 0x00007ffcd5c5f000 	C:\WINDOWS\AppPatch\AppPatch64\AcGenral.DLL
0x00007ffce2f90000 - 0x00007ffce3037000 	C:\WINDOWS\system32\msvcrt.dll
0x00007ffce22f0000 - 0x00007ffce231b000 	C:\WINDOWS\SYSTEM32\SspiCli.dll
0x00007ffce50e0000 - 0x00007ffce5131000 	C:\WINDOWS\system32\SHLWAPI.dll
0x00007ffce3480000 - 0x00007ffce35f1000 	C:\WINDOWS\system32\USER32.dll
0x00007ffce3180000 - 0x00007ffce32f8000 	C:\WINDOWS\system32\ole32.dll
0x00007ffce36e0000 - 0x00007ffce4aef000 	C:\WINDOWS\system32\SHELL32.dll
0x00007ffce1aa0000 - 0x00007ffce1abe000 	C:\WINDOWS\SYSTEM32\USERENV.dll
0x00007ffce4f40000 - 0x00007ffce4fe5000 	C:\WINDOWS\system32\ADVAPI32.dll
0x00007ffcd9bb0000 - 0x00007ffcd9bcb000 	C:\WINDOWS\SYSTEM32\MPR.dll
0x00007ffce3040000 - 0x00007ffce3177000 	C:\WINDOWS\system32\RPCRT4.dll
0x00007ffce5050000 - 0x00007ffce50a7000 	C:\WINDOWS\SYSTEM32\sechost.dll
0x00007ffce2db0000 - 0x00007ffce2f86000 	C:\WINDOWS\SYSTEM32\combase.dll
0x00007ffce4cf0000 - 0x00007ffce4e34000 	C:\WINDOWS\system32\GDI32.dll
0x00007ffce24b0000 - 0x00007ffce24c4000 	C:\WINDOWS\SYSTEM32\profapi.dll
0x00007ffce0ad0000 - 0x00007ffce0b6f000 	C:\WINDOWS\SYSTEM32\SHCORE.dll
0x00007ffce3300000 - 0x00007ffce3334000 	C:\WINDOWS\system32\IMM32.DLL
0x00007ffce3340000 - 0x00007ffce3479000 	C:\WINDOWS\system32\MSCTF.dll
0x00007ffcdf150000 - 0x00007ffcdf3aa000 	C:\WINDOWS\WinSxS\amd64_microsoft.windows.common-controls_6595b64144ccf1df_6.0.9600.17031_none_6242a4b3ecbb55a1\COMCTL32.dll
0x000000005ed80000 - 0x000000005ee51000 	C:\Program Files\Java\jdk1.7.0_13\jre\bin\msvcr100.dll
0x000000005d3c0000 - 0x000000005dadf000 	C:\Program Files\Java\jdk1.7.0_13\jre\bin\server\jvm.dll
0x00007ffcde150000 - 0x00007ffcde159000 	C:\WINDOWS\SYSTEM32\WSOCK32.dll
0x00007ffcdbaf0000 - 0x00007ffcdbb0f000 	C:\WINDOWS\SYSTEM32\WINMM.dll
0x00007ffce2da0000 - 0x00007ffce2da7000 	C:\WINDOWS\system32\PSAPI.DLL
0x00007ffce29c0000 - 0x00007ffce2a18000 	C:\WINDOWS\system32\WS2_32.dll
0x00007ffcdb3e0000 - 0x00007ffcdb40a000 	C:\WINDOWS\SYSTEM32\WINMMBASE.dll
0x00007ffce50d0000 - 0x00007ffce50d9000 	C:\WINDOWS\system32\NSI.dll
0x00007ffce25d0000 - 0x00007ffce261a000 	C:\WINDOWS\SYSTEM32\cfgmgr32.dll
0x00007ffce1320000 - 0x00007ffce1346000 	C:\WINDOWS\SYSTEM32\DEVOBJ.dll
0x000000005ed30000 - 0x000000005ed3f000 	C:\Program Files\Java\jdk1.7.0_13\jre\bin\verify.dll
0x000000005ed00000 - 0x000000005ed28000 	C:\Program Files\Java\jdk1.7.0_13\jre\bin\java.dll
0x000000005ece0000 - 0x000000005ecf5000 	C:\Program Files\Java\jdk1.7.0_13\jre\bin\zip.dll
0x000000005ecc0000 - 0x000000005ecd9000 	C:\Program Files\Java\jdk1.7.0_13\jre\bin\net.dll
0x00007ffce1d50000 - 0x00007ffce1da8000 	C:\WINDOWS\system32\mswsock.dll
0x000000005eca0000 - 0x000000005ecb1000 	C:\Program Files\Java\jdk1.7.0_13\jre\bin\nio.dll

VM Arguments:
jvm_args: -Dclassworlds.conf=C:\Program Files\NetBeans 7.2.1\java\maven\bin\m2.conf -Dmaven.home=C:\Program Files\NetBeans 7.2.1\java\maven 
java_command: org.codehaus.plexus.classworlds.launcher.Launcher -Dnetbeans.deploy=true package
Launcher Type: SUN_STANDARD

Environment Variables:
JAVA_HOME=C:\Program Files\Java\jdk1.7.0_13
CLASSPATH=.;C:\Program Files (x86)\Java\jre7\lib\ext\QTJava.zip
PATH=C:\Program Files (x86)\Intel\iCLS Client\;C:\Program Files\Intel\iCLS Client\;C:\WINDOWS\system32;C:\WINDOWS;C:\WINDOWS\System32\Wbem;C:\WINDOWS\System32\WindowsPowerShell\v1.0\;C:\Program Files (x86)\Intel\OpenCL SDK\2.0\bin\x86;C:\Program Files (x86)\Intel\OpenCL SDK\2.0\bin\x64;C:\Program Files\Intel\Intel(R) Management Engine Components\DAL;C:\Program Files\Intel\Intel(R) Management Engine Components\IPT;C:\Program Files (x86)\Intel\Intel(R) Management Engine Components\DAL;C:\Program Files (x86)\Intel\Intel(R) Management Engine Components\IPT;C:\Program Files\Sony\VAIO Improvement\;C:\Program Files (x86)\Sony\VAIO Startup Setting Tool;C:\Windows\Microsoft.NET\Framework\v2.0.50727;0X0.000000P-1022NT_HOME\bin;C:\Program Files (x86)\QuickTime\QTSystem\;C:\Program Files (x86)\Windows Kits\8.1\Windows Performance Toolkit\;C:\Program Files\Microsoft SQL Server\110\Tools\Binn\;C:\Program Files (x86)\Intel\iCLS Client\;C:\Program Files\Intel\iCLS Client\;C:\WINDOWS\system32;C:\WINDOWS;C:\WINDOWS\System32\Wbem;C:\WINDOWS\System32\WindowsPowerShell\v1.0\;C:\Program Files (x86)\Intel\OpenCL SDK\2.0\bin\x86;C:\Program Files (x86)\Intel\OpenCL SDK\2.0\bin\x64;C:\Program Files\Intel\Intel(R) Management Engine Components\DAL;C:\Program Files\Intel\Intel(R) Management Engine Components\IPT;C:\Program Files (x86)\Intel\Intel(R) Management Engine Components\DAL;C:\Program Files (x86)\Intel\Intel(R) Management Engine Components\IPT;C:\Program Files\Sony\VAIO Improvement\;C:\Program Files (x86)\Sony\VAIO Startup Setting Tool;C:\Windows\Microsoft.NET\Framework\v2.0.50727;0X0.000006P-1022NT_HOME\bin;C:\Program Files (x86)\QuickTime\QTSystem\;C:\Program Files (x86)\Windows Kits\8.1\Windows Performance Toolkit\;C:\Program Files\Microsoft SQL Server\110\Tools\Binn\;C:\JAVA\ant\bin;C:\Program Files\Java\jdk1.7.0_17\bin;C:\JAVA\apache-maven-3.1.0-bin\apache-maven-3.1.0\bin;C:\Android\root_Desire_Z\adb
USERNAME=Micha³
OS=Windows_NT
PROCESSOR_IDENTIFIER=Intel64 Family 6 Model 58 Stepping 9, GenuineIntel



---------------  S Y S T E M  ---------------

OS: Windows 8 , 64 bit Build 9200 

CPU:total 4 (2 cores per cpu, 2 threads per core) family 6 model 58 stepping 9, cmov, cx8, fxsr, mmx, sse, sse2, sse3, ssse3, sse4.1, sse4.2, popcnt, avx, ht, tsc, tscinvbit, tscinv

Memory: 4k page, physical 4070680k(577756k free), swap 7216408k(5240k free)

vm_info: Java HotSpot(TM) 64-Bit Server VM (23.7-b01) for windows-amd64 JRE (1.7.0_13-b20), built on Jan 30 2013 10:10:00 by "java_re" with unknown MS VC++:1600

time: Thu Feb 12 13:21:05 2015
elapsed time: 6 seconds

